<?xml version="1.0" encoding="UTF-8"?>
<testng-results ignored="0" total="1" passed="1" failed="0" skipped="0">
  <reporter-output>
  </reporter-output>
  <suite started-at="2025-11-25T18:54:42 IST" name="Default suite" finished-at="2025-11-25T18:54:44 IST" duration-ms="1471">
    <groups>
      <group name="cucumber">
        <method signature="AbstractTestNGCucumberTests.runScenario(io.cucumber.testng.PickleWrapper,io.cucumber.testng.FeatureWrapper)[pri:0, instance:runner.TestRunner@b2c9a9c]" name="runScenario" class="io.cucumber.testng.AbstractTestNGCucumberTests"/>
      </group> <!-- cucumber -->
    </groups>
    <test started-at="2025-11-25T18:54:42 IST" name="Default test" finished-at="2025-11-25T18:54:44 IST" duration-ms="1471">
      <class name="runner.TestRunner">
        <test-method is-config="true" signature="setUpClass(org.testng.ITestContext)[pri:0, instance:runner.TestRunner@b2c9a9c]" started-at="2025-11-25T18:54:42 IST" name="setUpClass" finished-at="2025-11-25T18:54:44 IST" duration-ms="1150" status="PASS">
          <params>
            <param index="0">
              <value>
                <![CDATA[org.testng.TestRunner@2db2cd5]]>
              </value>
            </param>
          </params>
          <reporter-output>
          </reporter-output>
        </test-method> <!-- setUpClass -->
        <test-method signature="runScenario(io.cucumber.testng.PickleWrapper,io.cucumber.testng.FeatureWrapper)[pri:0, instance:runner.TestRunner@b2c9a9c]" started-at="2025-11-25T18:54:44 IST" name="runScenario" description="Runs Cucumber Scenarios" data-provider="scenarios" finished-at="2025-11-25T18:54:44 IST" duration-ms="207" status="PASS">
          <params>
            <param index="0">
              <value>
                <![CDATA["Login using correct username and password"]]>
              </value>
            </param>
            <param index="1">
              <value>
                <![CDATA["Login functionality of Sauce ddemo"]]>
              </value>
            </param>
          </params>
          <reporter-output>
          </reporter-output>
        </test-method> <!-- runScenario -->
        <test-method is-config="true" signature="tearDownClass()[pri:0, instance:runner.TestRunner@b2c9a9c]" started-at="2025-11-25T18:54:44 IST" name="tearDownClass" finished-at="2025-11-25T18:54:44 IST" duration-ms="40" status="PASS">
          <reporter-output>
          </reporter-output>
        </test-method> <!-- tearDownClass -->
      </class> <!-- runner.TestRunner -->
    </test> <!-- Default test -->
  </suite> <!-- Default suite -->
</testng-results>
